Build started 5/31/2011 10:56:37 PM.
     1>Project "C:\Program Files (x86)\PrimeSense\NITE\Samples\PointViewer\PointViewer_2010.vcxproj" on node 2 (build target(s)).
     1>InitializeBuildStatus:
         Creating "Win32Debug\PointViewer.unsuccessfulbuild" because "AlwaysCreate" was specified.
       ClCompile:
         C:\Program Files (x86)\Microsoft Visual Studio 10.0\VC\bin\CL.exe /c /I"C:\Program Files (x86)\OpenNI\Include" /I..\..\Include /I..\..\Samples\PointViewer /ZI /nologo /W3 /WX- /Od /Oy- /D WIN32 /D _DEBUG /D _CONSOLE /D USE_GLUT /D _MBCS /Gm /EHsc /RTC1 /MDd /GS /fp:precise /Zc:wchar_t /Zc:forScope /Fo"Win32Debug\\" /Fd"Win32Debug\vc100.pdb" /Gd /TP /analyze- /errorReport:prompt PointDrawer.cpp
         PointDrawer.cpp
     1>c:\program files (x86)\primesense\nite\include\xnvniteevents.h(16): warning C4275: non dll-interface class 'XnHash' used as base for dll-interface class 'XnVIntHash'
                 c:\program files (x86)\openni\include\xnhash.h(68) : see declaration of 'XnHash'
                 c:\program files (x86)\primesense\nite\include\xnvniteevents.h(16) : see declaration of 'XnVIntHash'
     1>c:\program files (x86)\primesense\nite\include\xnvniteevents.h(16): warning C4275: non dll-interface class 'XnHash::ConstIterator' used as base for dll-interface class 'XnVIntHash::ConstIterator'
                 c:\program files (x86)\openni\include\xnhash.h(74) : see declaration of 'XnHash::ConstIterator'
                 c:\program files (x86)\primesense\nite\include\xnvniteevents.h(16) : see declaration of 'XnVIntHash::ConstIterator'
     1>c:\program files (x86)\primesense\nite\include\xnvniteevents.h(18): warning C4275: non dll-interface class 'XnList' used as base for dll-interface class 'XnVIntList'
                 c:\program files (x86)\openni\include\xnlist.h(42) : see declaration of 'XnList'
                 c:\program files (x86)\primesense\nite\include\xnvniteevents.h(18) : see declaration of 'XnVIntList'
     1>c:\program files (x86)\primesense\nite\include\xnvniteevents.h(18): warning C4275: non dll-interface class 'XnList::ConstIterator' used as base for dll-interface class 'XnVIntList::ConstIterator'
                 c:\program files (x86)\openni\include\xnlist.h(45) : see declaration of 'XnList::ConstIterator'
                 c:\program files (x86)\primesense\nite\include\xnvniteevents.h(18) : see declaration of 'XnVIntList::ConstIterator'
     1>c:\program files (x86)\primesense\nite\include\xnvmessagelistener.h(169): warning C4275: non dll-interface class 'XnThreadSafeQueue' used as base for dll-interface class 'XnVMessageListener::XnVMessageQueue'
                 c:\program files (x86)\openni\include\xnthreadsafequeue.h(37) : see declaration of 'XnThreadSafeQueue'
                 c:\program files (x86)\primesense\nite\include\xnvmessagelistener.h(169) : see declaration of 'XnVMessageListener::XnVMessageQueue'
     1>c:\program files (x86)\primesense\nite\include\xnvmessagelistener.h(189): warning C4251: 'XnVMessageListener::m_UpdateCBs' : class 'XnVMessageListener::XnVMessageSpecificEvent' needs to have dll-interface to be used by clients of class 'XnVMessageListener'
                 c:\program files (x86)\primesense\nite\include\xnvmessagelistener.h(170) : see declaration of 'XnVMessageListener::XnVMessageSpecificEvent'
     1>c:\program files (x86)\primesense\nite\include\xnvmessagelistener.h(190): warning C4251: 'XnVMessageListener::m_ActivateCBs' : class 'XnVEvent' needs to have dll-interface to be used by clients of class 'XnVMessageListener'
                 c:\program files (x86)\primesense\nite\include\xnvniteevents.h(20) : see declaration of 'XnVEvent'
     1>c:\program files (x86)\primesense\nite\include\xnvmessagelistener.h(191): warning C4251: 'XnVMessageListener::m_DeactivateCBs' : class 'XnVEvent' needs to have dll-interface to be used by clients of class 'XnVMessageListener'
                 c:\program files (x86)\primesense\nite\include\xnvniteevents.h(20) : see declaration of 'XnVEvent'
     1>c:\program files (x86)\primesense\nite\include\xnvpointcontrol.h(281): warning C4251: 'XnVPointControl::m_PointCreateCBs' : class 'XnVPointControl::XnVHandPointContextSpecificEvent' needs to have dll-interface to be used by clients of class 'XnVPointControl'
                 c:\program files (x86)\primesense\nite\include\xnvpointcontrol.h(275) : see declaration of 'XnVPointControl::XnVHandPointContextSpecificEvent'
     1>c:\program files (x86)\primesense\nite\include\xnvpointcontrol.h(282): warning C4251: 'XnVPointControl::m_PointUpdateCBs' : class 'XnVPointControl::XnVHandPointContextSpecificEvent' needs to have dll-interface to be used by clients of class 'XnVPointControl'
                 c:\program files (x86)\primesense\nite\include\xnvpointcontrol.h(275) : see declaration of 'XnVPointControl::XnVHandPointContextSpecificEvent'
     1>c:\program files (x86)\primesense\nite\include\xnvpointcontrol.h(283): warning C4251: 'XnVPointControl::m_PointDestroyCBs' : class 'XnVUintSpecificEvent' needs to have dll-interface to be used by clients of class 'XnVPointControl'
                 c:\program files (x86)\primesense\nite\include\xnvniteevents.h(23) : see declaration of 'XnVUintSpecificEvent'
     1>c:\program files (x86)\primesense\nite\include\xnvpointcontrol.h(285): warning C4251: 'XnVPointControl::m_PrimaryPointCreateCBs' : class 'XnVPointControl::XnVHandPointContextPointSpecificEvent' needs to have dll-interface to be used by clients of class 'XnVPointControl'
                 c:\program files (x86)\primesense\nite\include\xnvpointcontrol.h(278) : see declaration of 'XnVPointControl::XnVHandPointContextPointSpecificEvent'
     1>c:\program files (x86)\primesense\nite\include\xnvpointcontrol.h(286): warning C4251: 'XnVPointControl::m_PrimaryPointUpdateCBs' : class 'XnVPointControl::XnVHandPointContextSpecificEvent' needs to have dll-interface to be used by clients of class 'XnVPointControl'
                 c:\program files (x86)\primesense\nite\include\xnvpointcontrol.h(275) : see declaration of 'XnVPointControl::XnVHandPointContextSpecificEvent'
     1>c:\program files (x86)\primesense\nite\include\xnvpointcontrol.h(287): warning C4251: 'XnVPointControl::m_PrimaryPointReplaceCBs' : class 'XnVPointControl::XnVUintHandPointContextSpecificEvent' needs to have dll-interface to be used by clients of class 'XnVPointControl'
                 c:\program files (x86)\primesense\nite\include\xnvpointcontrol.h(279) : see declaration of 'XnVPointControl::XnVUintHandPointContextSpecificEvent'
     1>c:\program files (x86)\primesense\nite\include\xnvpointcontrol.h(288): warning C4251: 'XnVPointControl::m_PrimaryPointDestroyCBs' : class 'XnVUintSpecificEvent' needs to have dll-interface to be used by clients of class 'XnVPointControl'
                 c:\program files (x86)\primesense\nite\include\xnvniteevents.h(23) : see declaration of 'XnVUintSpecificEvent'
     1>c:\program files (x86)\primesense\nite\include\xnvpointcontrol.h(290): warning C4251: 'XnVPointControl::m_NoPointsCBs' : class 'XnVEvent' needs to have dll-interface to be used by clients of class 'XnVPointControl'
                 c:\program files (x86)\primesense\nite\include\xnvniteevents.h(20) : see declaration of 'XnVEvent'
     1>c:\program files (x86)\primesense\nite\include\xnvpointcontrol.h(292): warning C4251: 'XnVPointControl::m_HandsUpdateCBs' : class 'XnVPointControl::XnVMultipleHandsSpecificEvent' needs to have dll-interface to be used by clients of class 'XnVPointControl'
                 c:\program files (x86)\primesense\nite\include\xnvpointcontrol.h(276) : see declaration of 'XnVPointControl::XnVMultipleHandsSpecificEvent'
     1>c:\program files (x86)\primesense\nite\samples\pointviewer\pointdrawer.cpp(115): warning C4996: 'sprintf': This function or variable may be unsafe. Consider using sprintf_s instead. To disable deprecation, use _CRT_SECURE_NO_WARNINGS. See online help for details.
                 c:\program files (x86)\microsoft visual studio 10.0\vc\include\stdio.h(371) : see declaration of 'sprintf'
     1>c:\program files (x86)\primesense\nite\samples\pointviewer\pointdrawer.cpp(323): warning C4996: 'sprintf': This function or variable may be unsafe. Consider using sprintf_s instead. To disable deprecation, use _CRT_SECURE_NO_WARNINGS. See online help for details.
                 c:\program files (x86)\microsoft visual studio 10.0\vc\include\stdio.h(371) : see declaration of 'sprintf'
     1>c:\program files (x86)\primesense\nite\samples\pointviewer\pointdrawer.cpp(423): warning C4996: 'sprintf': This function or variable may be unsafe. Consider using sprintf_s instead. To disable deprecation, use _CRT_SECURE_NO_WARNINGS. See online help for details.
                 c:\program files (x86)\microsoft visual studio 10.0\vc\include\stdio.h(371) : see declaration of 'sprintf'
     1>c:\program files (x86)\primesense\nite\samples\pointviewer\pointdrawer.cpp(425): warning C4996: 'sprintf': This function or variable may be unsafe. Consider using sprintf_s instead. To disable deprecation, use _CRT_SECURE_NO_WARNINGS. See online help for details.
                 c:\program files (x86)\microsoft visual studio 10.0\vc\include\stdio.h(371) : see declaration of 'sprintf'
     1>c:\program files (x86)\primesense\nite\samples\pointviewer\pointdrawer.cpp(427): warning C4996: 'sprintf': This function or variable may be unsafe. Consider using sprintf_s instead. To disable deprecation, use _CRT_SECURE_NO_WARNINGS. See online help for details.
                 c:\program files (x86)\microsoft visual studio 10.0\vc\include\stdio.h(371) : see declaration of 'sprintf'
       ResourceCompile:
         All outputs are up-to-date.
       Link:
         C:\Program Files (x86)\Microsoft Visual Studio 10.0\VC\bin\link.exe /ERRORREPORT:PROMPT /OUT:"Debug/PointViewer.exe" /INCREMENTAL:NO /NOLOGO /LIBPATH:"C:\Program Files (x86)\OpenNI\Lib" /LIBPATH:..\..\Lib /LIBPATH:../../Lib/ /LIBPATH:..\..\Samples\PointViewer\Libs /LIBPATH:..\..\Lib\Debug OpenNI.lib XnVNite_1_3_1.lib kernel32.lib user32.lib gdi32.lib winspool.lib comdlg32.lib advapi32.lib shell32.lib ole32.lib oleaut32.lib uuid.lib odbc32.lib odbccp32.lib /MANIFEST /ManifestFile:"Win32Debug\PointViewer.exe.intermediate.manifest" /MANIFESTUAC:"level='asInvoker' uiAccess='false'" /DEBUG /PDB:"../Bin/Debug/Sample-PointViewer.pdb" /SUBSYSTEM:CONSOLE /TLBID:1 /DYNAMICBASE /NXCOMPAT /IMPLIB:"Debug\PointViewer.lib" /MACHINE:X86 Win32Debug\NITE.res
         Win32Debug\main.obj
         Win32Debug\PointDrawer.obj
     1>main.obj : warning LNK4075: ignoring '/EDITANDCONTINUE' due to '/INCREMENTAL:NO' specification
         PointViewer_2010.vcxproj -> C:\Program Files (x86)\PrimeSense\NITE\Samples\PointViewer\Debug\PointViewer.exe
       Manifest:
         C:\Program Files (x86)\Microsoft SDKs\Windows\v7.0A\bin\mt.exe /nologo /verbose /outputresource:"Debug/PointViewer.exe;#1" /manifest Win32Debug\PointViewer.exe.intermediate.manifest
       FinalizeBuildStatus:
         Deleting file "Win32Debug\PointViewer.unsuccessfulbuild".
         Touching "Win32Debug\PointViewer.lastbuildstate".
     1>Done Building Project "C:\Program Files (x86)\PrimeSense\NITE\Samples\PointViewer\PointViewer_2010.vcxproj" (build target(s)).

Build succeeded.

Time Elapsed 00:00:00.99
